0.00832100000002356, 
0.005587800000057541,
0.00852390000000014, 
0.00536669999996775, 
0.0068602999999711756, 
0.008784000000105152, 
0.005266399999982241, 
0.007407099999909406, 
0.006435400000100344, 
0.006884899999931804, 
0.008294799999930547, 
0.0055815000000620785, 
0.008401999999932741, 
0.005487300000140749, 
0.008616500000016458, 
0.0055112000000008265, 
0.0066726999998536485, 
0.008834600000000137, 
0.0051470000000790606, 
0.007524599999896964, 
0.006453200000123616, 
0.006888299999900482, 
0.00827320000007603, 
0.0055697000000236585, 
0.008345100000042294, 
0.005490300000019488, 
0.008703299999979208, 
0.006665500000053726, 
0.005464999999958309, 
0.008360499999980675, 
0.005599800000027244, 
0.007547499999873253, 
0.0063110999999480555, 
0.007046300000183692, 
0.00816409999993084, 
0.0056967999998960295, 
0.008293200000025536, 
0.005468300000075033, 
0.008778500000062195, 
0.006652699999904144, 
0.005437799999981507, 
0.00840210000001207, 
0.0055308000000877655, 
0.007675699999936114, 
0.006053699999938544, 
0.006959800000004179, 
0.00849530000004961, 
0.005589699999973163, 
0.008782699999983379, 
0.005118400000128531, 
0.008689900000035777, 
0.006619799999953102, 
0.005428799999890543, 
0.008379399999967063, 
0.005505900000116526, 
0.007766899999978705, 
0.006135500000027605, 
0.006915100000014718, 
0.008395800000016607, 
0.00551709999990635, 
0.00837920000003578, 
0.005545199999914985, 
0.0088204000001042, 
0.006522700000004988, 
0.005354200000056153, 
0.008480799999915689, 
0.005535699999882127, 
0.007798100000172781, 
0.006059299999833456, 
0.006927399999995032, 
0.00843140000006315, 
0.005484900000055859, 
0.008378199999924618, 
0.005595100000164166, 
0.008839299999863215, 
0.0064495999999962805, 
0.005508899999995265, 
0.00834660000009535, 
0.005503099999941696, 
0.007893700000067838, 
0.0062020999998821935, 
0.0065704000001005625, 
0.00859760000003007, 
0.005464200000005803, 
0.008437099999810016, 
0.005392400000118869, 
0.009065199999895412, 
0.006373300000177551, 
0.005545699999856879, 
0.00828100000012455, 
0.0055697000000236585, 
0.007849999999962165, 
0.005967199999986406, 
0.006941599999890968, 
0.008465200000046025, 
0.0053686999999627005, 
0.008594600000151331, 
0.005342299999938405, 
0.006905100000039965, 
1.0476294000000053, 
0.9565396999998939, 
0.01116360000014538, 
0.1629041999999572, 
2.045694899999944, 
1.1493818999999803, 
1.4575491000000511, 
1.5324081999999635, 
0.948352800000066, 
0.9544938999999886, 
1.9845722000000023, 
0.8473059999998895, 
1.0146847999999409, 
1.2905405000001338, 
0.516272699999945, 
1.0857567999998992