1.9241600999957882, 
0.3767525000148453, 
1.0063850000151433, 
0.48759139998583123, 
1.0084934000042267, 
0.46841570001561195, 
1.7102139999624342, 
0.5740195999969728, 
1.0049784000148065, 
0.46799919998738915, 
1.0080080999759957, 
0.459253900044132, 
1.0070411000051536, 
0.4861650000093505, 
1.0072567000170238, 
0.5687277999822982, 
1.781394999998156, 
0.5558997999760322, 
1.0045764000387862, 
0.6000701999873854, 
1.0064634999725968, 
0.5630869000451639, 
1.2293583999853581, 
0.6812950000166893, 
1.0073466000030749, 
0.5938773000380024, 
1.005632099986542, 
0.5877007999806665, 
1.0041093999752775, 
0.6031341000343673, 
1.4337410000152886, 
0.3789688000106253, 
1.0063737999880686, 
0.4610904000001028, 
1.0069673000252806, 
0.55840390000958, 
1.005712699959986, 
0.5847020000219345, 
1.0071304000448436, 
0.3805772999767214, 
1.005599100026302, 
0.6788758999900892, 
1.6807716999901459, 
0.3902642999892123, 
1.0060666999779642, 
0.6079212999902666, 
1.0048841999960132, 
0.39525589998811483, 
1.0053908999543637, 
0.4396534000406973, 
1.006165399972815, 
1.1457795000169426, 
2.0386366000166163, 
0.9344769999734126, 
1.6144350999966264, 
0.7946091000339948, 
1.9255061999429017, 
0.832579700043425, 
1.7904717000201344, 
0.6553354000207037, 
1.006459600001108, 
0.5894846000010148, 
3.41769909998402, 
0.5108027000096627