0.009077000000161206, 
0.006372399999918343, 
0.0052221999999346735, 
0.008581100000128572, 
0.005419099999926402, 
0.008097399999996924, 
0.00576679999994667, 
0.006938100000070335, 
0.008483300000079907, 
0.005453599999782455, 
0.008802300000070318, 
0.005064700000048106, 
0.009193399999958274, 
0.006291400000009162, 
0.005350599999928818, 
0.008628700000144818, 
0.005315200000040932, 
0.008035599999857368, 
0.005809100000078615, 
0.006951300000082483, 
0.008467099999961647, 
0.005386799999996583, 
0.008906699999897683, 
0.005037399999991976, 
0.009234900000137714, 
0.006170899999915491, 
0.0054442000000562984, 
0.008400599999959013, 
0.00550440000006347, 
0.008144099999981336, 
0.005663199999844437, 
0.007016900000053283, 
0.008495999999922788, 
0.005425500000001193, 
0.008853700000145182, 
0.005110500000000684, 
0.009195999999974447, 
0.006268500000032873, 
0.005356699999992998, 
0.008454499999970722, 
0.005410799999935989, 
0.00822110000012799, 
0.005682299999989482, 
0.006941200000028402, 
0.008557399999972404, 
0.005316300000004048, 
0.008988499999986743, 
0.004899900000054913, 
0.00970669999992424, 
0.005718500000057247, 
0.005406600000014805, 
0.008475199999793404, 
0.005452900000136651, 
0.008215699999936987, 
0.005656400000134454, 
0.006957599999850572, 
0.008473900000126378, 
0.005289599999969141, 
0.006992500000023938, 
0.00706609999997454, 
0.006859999999960564, 
0.008512599999903614, 
0.005449600000019927, 
0.008420999999998457, 
0.0054245999999693595, 
0.008317900000065492, 
0.005545900000015536, 
0.0069813000000067404, 
0.008457299999918177, 
0.005443500000183121, 
0.006957499999998618, 
0.006921799999872746, 
0.006923500000084459, 
0.008395199999995384, 
0.0055151999999907275, 
0.008440699999937351, 
0.005378000000064276, 
0.008437700000058612, 
0.005476599999838072, 
0.006943200000023353, 
0.008966099999952348, 
0.0049786000001859065, 
0.006955800000014278, 
0.0069342999997843435, 
0.006966900000179521, 
0.008309999999937645, 
0.005547799999931158, 
0.008381300000110059, 
0.005508899999995265, 
0.008381699999972625, 
0.005487299999913375, 
0.0068400000000110595, 
0.008636600000045291, 
0.005413399999952162, 
0.007022200000164958, 
0.00678779999998369, 
0.00698389999979554, 
0.008386100000052465, 
0.00546200000007957, 
0.04921839999997246, 
0.8516282999999021, 
0.03711920000000646, 
0.008255300000200805, 
1.5003216000000066, 
0.9065200000000004, 
2.065944199999876, 
0.6416414000000259, 
0.0047806000000036875, 
1.5497351999999864, 
0.8182280000000901, 
2.063074899999947, 
0.49293779999993603, 
0.009538900000052308, 
1.3742939999999635, 
0.27820859999997083, 
1.6920898000000761, 
0.3046586999998908, 
1.003346400000055, 
0.3107448000000659, 
1.0039858000000095, 
0.41991040000016255, 
1.004023400000051, 
0.3664446999998745, 
1.003840099999934, 
0.39954670000020087, 
1.0044742000000042, 
0.4216641000000436, 
1.5071459000000687, 
0.28831799999989016, 
1.0035557000001063, 
0.3582477999998446, 
1.0036741999999776, 
0.41510950000019875, 
1.0038272000001598, 
0.4319351999999981, 
1.3215907000001152, 
0.3539306000000124, 
1.0043368999999984, 
0.3765005000000201, 
1.0033438000000388, 
0.3125509999999849, 
1.003652699999975, 
0.8305880000000343, 
1.8188118000000486, 
0.360135899999932, 
1.4993679000003794, 
0.3269038999997065, 
1.574865900000077, 
0.2886079999998401, 
1.5627134999999726, 
0.32095140000001265, 
1.3385252999996737, 
0.3679471000000376, 
1.003586599999835, 
0.327163500000097, 
1.0036681999999928, 
0.31703479999987394, 
1.0038715999999113, 
0.2943027000001166, 
1.5019854000001942, 
0.3191323000000921, 
1.3744268000000375, 
0.3602851999999075, 
1.0034067999999934, 
0.32526469999993424, 
1.0038492000003316, 
0.3582901999998285, 
1.0036156000001029, 
0.23032319999992978, 
1.0028432000003704, 
0.2964640000000145, 
1.0035365000003367, 
0.34397489999992104, 
1.3302958999997827, 
0.3377408999999716, 
1.5815870999999788, 
0.3129622000001291, 
1.0044511999999486, 
1.2113378999997622